<?xml version="1.0" encoding="UTF-8"?>
<testsuite xmlns:xsi="http://www.w3.org/2001/XMLSchema-instance" xsi:noNamespaceSchemaLocation="https://maven.apache.org/surefire/maven-surefire-plugin/xsd/surefire-test-report-3.0.xsd" version="3.0" name="com.mycompany.app.AppTest" time="0.021" tests="7" errors="0" skipped="0" failures="0">
  <properties>
    <property name="java.specification.version" value="21"/>
    <property name="sun.jnu.encoding" value="UTF-8"/>
    <property name="java.class.path" value="/Users/dataozk/Desktop/BİL481/hw1try/myDemoApp/target/test-classes:/Users/dataozk/Desktop/BİL481/hw1try/myDemoApp/target/classes:/Users/dataozk/.m2/repository/org/junit/jupiter/junit-jupiter-api/5.8.1/junit-jupiter-api-5.8.1.jar:/Users/dataozk/.m2/repository/org/opentest4j/opentest4j/1.2.0/opentest4j-1.2.0.jar:/Users/dataozk/.m2/repository/org/junit/platform/junit-platform-commons/1.8.1/junit-platform-commons-1.8.1.jar:/Users/dataozk/.m2/repository/org/apiguardian/apiguardian-api/1.1.2/apiguardian-api-1.1.2.jar:/Users/dataozk/.m2/repository/org/junit/jupiter/junit-jupiter-engine/5.8.1/junit-jupiter-engine-5.8.1.jar:/Users/dataozk/.m2/repository/org/junit/platform/junit-platform-engine/1.8.1/junit-platform-engine-1.8.1.jar:/Users/dataozk/.m2/repository/com/sparkjava/spark-core/2.5.4/spark-core-2.5.4.jar:/Users/dataozk/.m2/repository/org/slf4j/slf4j-api/1.7.13/slf4j-api-1.7.13.jar:/Users/dataozk/.m2/repository/org/eclipse/jetty/jetty-server/9.3.6.v20151106/jetty-server-9.3.6.v20151106.jar:/Users/dataozk/.m2/repository/javax/servlet/javax.servlet-api/3.1.0/javax.servlet-api-3.1.0.jar:/Users/dataozk/.m2/repository/org/eclipse/jetty/jetty-http/9.3.6.v20151106/jetty-http-9.3.6.v20151106.jar:/Users/dataozk/.m2/repository/org/eclipse/jetty/jetty-util/9.3.6.v20151106/jetty-util-9.3.6.v20151106.jar:/Users/dataozk/.m2/repository/org/eclipse/jetty/jetty-io/9.3.6.v20151106/jetty-io-9.3.6.v20151106.jar:/Users/dataozk/.m2/repository/org/eclipse/jetty/jetty-webapp/9.3.6.v20151106/jetty-webapp-9.3.6.v20151106.jar:/Users/dataozk/.m2/repository/org/eclipse/jetty/jetty-xml/9.3.6.v20151106/jetty-xml-9.3.6.v20151106.jar:/Users/dataozk/.m2/repository/org/eclipse/jetty/jetty-servlet/9.3.6.v20151106/jetty-servlet-9.3.6.v20151106.jar:/Users/dataozk/.m2/repository/org/eclipse/jetty/jetty-security/9.3.6.v20151106/jetty-security-9.3.6.v20151106.jar:/Users/dataozk/.m2/repository/org/eclipse/jetty/websocket/websocket-server/9.3.6.v20151106/websocket-server-9.3.6.v20151106.jar:/Users/dataozk/.m2/repository/org/eclipse/jetty/websocket/websocket-common/9.3.6.v20151106/websocket-common-9.3.6.v20151106.jar:/Users/dataozk/.m2/repository/org/eclipse/jetty/websocket/websocket-client/9.3.6.v20151106/websocket-client-9.3.6.v20151106.jar:/Users/dataozk/.m2/repository/org/eclipse/jetty/websocket/websocket-servlet/9.3.6.v20151106/websocket-servlet-9.3.6.v20151106.jar:/Users/dataozk/.m2/repository/org/eclipse/jetty/websocket/websocket-api/9.3.6.v20151106/websocket-api-9.3.6.v20151106.jar:/Users/dataozk/.m2/repository/com/sparkjava/spark-template-mustache/2.3/spark-template-mustache-2.3.jar:/Users/dataozk/.m2/repository/com/github/spullara/mustache/java/compiler/0.9.0/compiler-0.9.0.jar:/Users/dataozk/.m2/repository/org/apache/logging/log4j/log4j-core/2.10.0/log4j-core-2.10.0.jar:/Users/dataozk/.m2/repository/org/apache/logging/log4j/log4j-api/2.10.0/log4j-api-2.10.0.jar:/Users/dataozk/.m2/repository/org/apache/logging/log4j/log4j-slf4j-impl/2.10.0/log4j-slf4j-impl-2.10.0.jar:"/>
    <property name="java.vm.vendor" value="Eclipse Adoptium"/>
    <property name="sun.arch.data.model" value="64"/>
    <property name="java.vendor.url" value="https://adoptium.net/"/>
    <property name="os.name" value="Mac OS X"/>
    <property name="java.vm.specification.version" value="21"/>
    <property name="sun.java.launcher" value="SUN_STANDARD"/>
    <property name="user.country" value="TR"/>
    <property name="sun.boot.library.path" value="/Library/Java/JavaVirtualMachines/temurin-21.jdk/Contents/Home/lib"/>
    <property name="sun.java.command" value="/Users/dataozk/Desktop/BİL481/hw1try/myDemoApp/target/surefire/surefirebooter-20240312204345639_3.jar /Users/dataozk/Desktop/BİL481/hw1try/myDemoApp/target/surefire 2024-03-12T20-43-45_599-jvmRun1 surefire-20240312204345639_1tmp surefire_0-20240312204345639_2tmp"/>
    <property name="http.nonProxyHosts" value="local|*.local|169.254/16|*.169.254/16"/>
    <property name="jdk.debug" value="release"/>
    <property name="surefire.test.class.path" value="/Users/dataozk/Desktop/BİL481/hw1try/myDemoApp/target/test-classes:/Users/dataozk/Desktop/BİL481/hw1try/myDemoApp/target/classes:/Users/dataozk/.m2/repository/org/junit/jupiter/junit-jupiter-api/5.8.1/junit-jupiter-api-5.8.1.jar:/Users/dataozk/.m2/repository/org/opentest4j/opentest4j/1.2.0/opentest4j-1.2.0.jar:/Users/dataozk/.m2/repository/org/junit/platform/junit-platform-commons/1.8.1/junit-platform-commons-1.8.1.jar:/Users/dataozk/.m2/repository/org/apiguardian/apiguardian-api/1.1.2/apiguardian-api-1.1.2.jar:/Users/dataozk/.m2/repository/org/junit/jupiter/junit-jupiter-engine/5.8.1/junit-jupiter-engine-5.8.1.jar:/Users/dataozk/.m2/repository/org/junit/platform/junit-platform-engine/1.8.1/junit-platform-engine-1.8.1.jar:/Users/dataozk/.m2/repository/com/sparkjava/spark-core/2.5.4/spark-core-2.5.4.jar:/Users/dataozk/.m2/repository/org/slf4j/slf4j-api/1.7.13/slf4j-api-1.7.13.jar:/Users/dataozk/.m2/repository/org/eclipse/jetty/jetty-server/9.3.6.v20151106/jetty-server-9.3.6.v20151106.jar:/Users/dataozk/.m2/repository/javax/servlet/javax.servlet-api/3.1.0/javax.servlet-api-3.1.0.jar:/Users/dataozk/.m2/repository/org/eclipse/jetty/jetty-http/9.3.6.v20151106/jetty-http-9.3.6.v20151106.jar:/Users/dataozk/.m2/repository/org/eclipse/jetty/jetty-util/9.3.6.v20151106/jetty-util-9.3.6.v20151106.jar:/Users/dataozk/.m2/repository/org/eclipse/jetty/jetty-io/9.3.6.v20151106/jetty-io-9.3.6.v20151106.jar:/Users/dataozk/.m2/repository/org/eclipse/jetty/jetty-webapp/9.3.6.v20151106/jetty-webapp-9.3.6.v20151106.jar:/Users/dataozk/.m2/repository/org/eclipse/jetty/jetty-xml/9.3.6.v20151106/jetty-xml-9.3.6.v20151106.jar:/Users/dataozk/.m2/repository/org/eclipse/jetty/jetty-servlet/9.3.6.v20151106/jetty-servlet-9.3.6.v20151106.jar:/Users/dataozk/.m2/repository/org/eclipse/jetty/jetty-security/9.3.6.v20151106/jetty-security-9.3.6.v20151106.jar:/Users/dataozk/.m2/repository/org/eclipse/jetty/websocket/websocket-server/9.3.6.v20151106/websocket-server-9.3.6.v20151106.jar:/Users/dataozk/.m2/repository/org/eclipse/jetty/websocket/websocket-common/9.3.6.v20151106/websocket-common-9.3.6.v20151106.jar:/Users/dataozk/.m2/repository/org/eclipse/jetty/websocket/websocket-client/9.3.6.v20151106/websocket-client-9.3.6.v20151106.jar:/Users/dataozk/.m2/repository/org/eclipse/jetty/websocket/websocket-servlet/9.3.6.v20151106/websocket-servlet-9.3.6.v20151106.jar:/Users/dataozk/.m2/repository/org/eclipse/jetty/websocket/websocket-api/9.3.6.v20151106/websocket-api-9.3.6.v20151106.jar:/Users/dataozk/.m2/repository/com/sparkjava/spark-template-mustache/2.3/spark-template-mustache-2.3.jar:/Users/dataozk/.m2/repository/com/github/spullara/mustache/java/compiler/0.9.0/compiler-0.9.0.jar:/Users/dataozk/.m2/repository/org/apache/logging/log4j/log4j-core/2.10.0/log4j-core-2.10.0.jar:/Users/dataozk/.m2/repository/org/apache/logging/log4j/log4j-api/2.10.0/log4j-api-2.10.0.jar:/Users/dataozk/.m2/repository/org/apache/logging/log4j/log4j-slf4j-impl/2.10.0/log4j-slf4j-impl-2.10.0.jar:"/>
    <property name="sun.cpu.endian" value="little"/>
    <property name="user.home" value="/Users/dataozk"/>
    <property name="user.language" value="en"/>
    <property name="java.specification.vendor" value="Oracle Corporation"/>
    <property name="java.version.date" value="2024-01-16"/>
    <property name="java.home" value="/Library/Java/JavaVirtualMachines/temurin-21.jdk/Contents/Home"/>
    <property name="file.separator" value="/"/>
    <property name="basedir" value="/Users/dataozk/Desktop/BİL481/hw1try/myDemoApp"/>
    <property name="java.vm.compressedOopsMode" value="Zero based"/>
    <property name="line.separator" value="&#10;"/>
    <property name="java.vm.specification.vendor" value="Oracle Corporation"/>
    <property name="java.specification.name" value="Java Platform API Specification"/>
    <property name="apple.awt.application.name" value="ForkedBooter"/>
    <property name="surefire.real.class.path" value="/Users/dataozk/Desktop/BİL481/hw1try/myDemoApp/target/surefire/surefirebooter-20240312204345639_3.jar"/>
    <property name="sun.management.compiler" value="HotSpot 64-Bit Tiered Compilers"/>
    <property name="ftp.nonProxyHosts" value="local|*.local|169.254/16|*.169.254/16"/>
    <property name="java.runtime.version" value="21.0.2+13-LTS"/>
    <property name="user.name" value="dataozk"/>
    <property name="stdout.encoding" value="UTF-8"/>
    <property name="path.separator" value=":"/>
    <property name="os.version" value="14.2.1"/>
    <property name="java.runtime.name" value="OpenJDK Runtime Environment"/>
    <property name="file.encoding" value="UTF-8"/>
    <property name="java.vm.name" value="OpenJDK 64-Bit Server VM"/>
    <property name="java.vendor.version" value="Temurin-21.0.2+13"/>
    <property name="localRepository" value="/Users/dataozk/.m2/repository"/>
    <property name="java.vendor.url.bug" value="https://github.com/adoptium/adoptium-support/issues"/>
    <property name="java.io.tmpdir" value="/var/folders/c_/dr105sdn5_q2q4ns3ff458w40000gn/T/"/>
    <property name="java.version" value="21.0.2"/>
    <property name="user.dir" value="/Users/dataozk/Desktop/BİL481/hw1try/myDemoApp"/>
    <property name="os.arch" value="aarch64"/>
    <property name="java.vm.specification.name" value="Java Virtual Machine Specification"/>
    <property name="native.encoding" value="UTF-8"/>
    <property name="java.library.path" value="/Users/dataozk/Library/Java/Extensions:/Library/Java/Extensions:/Network/Library/Java/Extensions:/System/Library/Java/Extensions:/usr/lib/java:."/>
    <property name="java.vm.info" value="mixed mode"/>
    <property name="stderr.encoding" value="UTF-8"/>
    <property name="java.vendor" value="Eclipse Adoptium"/>
    <property name="java.vm.version" value="21.0.2+13-LTS"/>
    <property name="sun.io.unicode.encoding" value="UnicodeBig"/>
    <property name="socksNonProxyHosts" value="local|*.local|169.254/16|*.169.254/16"/>
    <property name="java.class.version" value="65.0"/>
  </properties>
  <testcase name="testReplaceCharacters_OutOfBoundsIndex" classname="com.mycompany.app.AppTest" time="0.007"/>
  <testcase name="testReplaceCharacters_EmptyString" classname="com.mycompany.app.AppTest" time="0.002"/>
  <testcase name="testReplaceCharacters_SingleReplacement" classname="com.mycompany.app.AppTest" time="0.0"/>
  <testcase name="testReplaceCharacters_MultipleReplacements" classname="com.mycompany.app.AppTest" time="0.0"/>
  <testcase name="testReplaceCharacters_LargeStrings" classname="com.mycompany.app.AppTest" time="0.001"/>
  <testcase name="testReplaceCharacters_SameString" classname="com.mycompany.app.AppTest" time="0.0"/>
  <testcase name="testReplaceCharacters_UnevenArrays" classname="com.mycompany.app.AppTest" time="0.0"/>
</testsuite>